[?1049h[22;0;0t[?1h=[H[2J[?12l[?25h[?1000l[?1002l[?1003l[?1006l[?1005l(B[m[?12l[?25h[?1006l[?1000l[?1002l[?1003l[?2004l[1;1H[1;52r[>c[>q[1;1H]0;0:1:zsh - "mikeBOOK" [?25l[K
[K
[K
[K
[K
[K
[K
[K
[K
[K
[K
[K
[K
[K
[K
[K
[K
[K
[K
[K
[K
[K
[K
[K
[K
[K
[K
[K
[K
[K
[K
[K
[K
[K
[K
[K
[K
[K
[K
[K
[K
[K
[K
[K
[K
[K
[K
[K
[K
[K
[K[30m[42m
[0] 1:zsh*                                                   "mikeBOOK" 10:11 16-Feb-22(B[m[?12l[?25h[1;1H(B[m[?12l[?25h[?1006l[?1000l[?1002l[?1003l[?2004l[1;1H[1;52r[?1004h[?7727h[1;1H[?25l[K
[K
[K
[K
[K
[K
[K
[K
[K
[K
[K
[K
[K
[K
[K
[K
[K
[K
[K
[K
[K
[K
[K
[K
[K
[K
[K
[K
[K
[K
[K
[K
[K
[K
[K
[K
[K
[K
[K
[K
[K
[K
[K
[K
[K
[K
[K
[K
[K
[K
[K[30m[42m
[0] 1:zsh*                                                   "mikeBOOK" 10:11 16-Feb-22(B[m[?12l[?25h[1;1H                                                                                       [1;1H[1;51r[1;1H[2;51r[50S[1;1H[K[38;5;30m[47m  [37m[48;5;30m[38;5;254m  [38;5;255m[1m~(B[m[38;5;254m[48;5;30m/.config/[38;5;255m[1mtmux(B[m[38;5;254m[48;5;30m [49m[38;5;30m[39m [K[58C[30m[32m[40m ✔ [1;52r[1;25H(B[m[?2004h[32mtmux[39m kill-server; [32mtmux[39m -vv new[25Dsource [4m~/.config/tmux/tmux.conf(B[m
[?2004l[?25l[38;5;30m[47m[H  [37m[48;5;30m[38;5;254m  [38;5;255m[1m~(B[m[38;5;254m[48;5;30m/.config/[38;5;255m[1mtmux(B[m[38;5;254m[48;5;30m [49m[38;5;30m[39m [32mtmux[39m source [4m~/.config/tmux/tmux.conf(B[m[22X[30m[22C[32m[40m ✔ [39m[49m[K
[K
[K
[K
[K
[K
[K
[K
[K
[K
[K
[K
[K
[K
[K
[K
[K
[K
[K
[K
[K
[K
[K
[K
[K
[K
[K
[K
[K
[K
[K
[K
[K
[K
[K
[K
[K
[K
[K
[K
[K
[K
[K
[K
[K
[K
[K
[K
[K
[K
[K[30m[42m
[0] 1:zsh*                                                   "mikeBOOK" 10:12 16-Feb-22(B[m[?12l[?25h[2;1H                                                                                       [2;1H[1;51r[1;1H[3;51r[49S[2;1H[K[38;5;30m[47m  [37m[48;5;30m[38;5;254m  [38;5;255m[1m~(B[m[38;5;254m[48;5;30m/.config/[38;5;255m[1mtmux(B[m[38;5;254m[48;5;30m [49m[38;5;30m[39m [K[58C[30m[32m[40m ✔ [1;52r[2;25H(B[m[?2004h[31m[1me(B[m[31m[1me(B[m[38;5;244mxit[3D(B[m[32mex(B[m[31m[1mexi(B[m[3D[32mexit(B[m
[?2004l