1644977514.115937 client started (1905): version 3.2a, socket /tmp/tmux-1000/default, protocol 8
1644977514.115969 on Linux 5.15.21-1-MANJARO #1 SMP PREEMPT Sun Feb 6 12:21:42 UTC 2022
1644977514.115976 using libevent 2.1.12-stable (poll); ncurses 6.2
1644977514.115996 flags are 0x18010000
1644977514.116000 socket is /tmp/tmux-1000/default
1644977514.116011 trying connect
1644977514.116027 connect failed: No such file or directory
1644977514.116038 lock file is /tmp/tmux-1000/default.lock
1644977514.116052 flock succeeded
1644977514.116057 got lock (6)
1644977514.116064 trying connect
1644977514.116074 connect failed: No such file or directory
1644977514.116274 add peer 0x562d7a51b720: 7 ((nil))
1644977514.116653 sending message 100 to peer 0x562d7a51b720 (4 bytes)
1644977514.116664 sending message 111 to peer 0x562d7a51b720 (8 bytes)
1644977514.116669 sending message 101 to peer 0x562d7a51b720 (10 bytes)
1644977514.116675 sending message 109 to peer 0x562d7a51b720 (4 bytes)
1644977514.116680 sending message 102 to peer 0x562d7a51b720 (11 bytes)
1644977514.116685 sending message 108 to peer 0x562d7a51b720 (24 bytes)
1644977514.116690 sending message 112 to peer 0x562d7a51b720 (58 bytes)
1644977514.116696 sending message 112 to peer 0x562d7a51b720 (5 bytes)
1644977514.116701 sending message 112 to peer 0x562d7a51b720 (5 bytes)
1644977514.116706 sending message 112 to peer 0x562d7a51b720 (6 bytes)
1644977514.116712 sending message 112 to peer 0x562d7a51b720 (6 bytes)
1644977514.116717 sending message 112 to peer 0x562d7a51b720 (11 bytes)
1644977514.116722 sending message 112 to peer 0x562d7a51b720 (10 bytes)
1644977514.116727 sending message 112 to peer 0x562d7a51b720 (13 bytes)
1644977514.116732 sending message 112 to peer 0x562d7a51b720 (14 bytes)
1644977514.116737 sending message 112 to peer 0x562d7a51b720 (19 bytes)
1644977514.116743 sending message 112 to peer 0x562d7a51b720 (11 bytes)
1644977514.116748 sending message 112 to peer 0x562d7a51b720 (10 bytes)
1644977514.116753 sending message 112 to peer 0x562d7a51b720 (15 bytes)
1644977514.116758 sending message 112 to peer 0x562d7a51b720 (21 bytes)
1644977514.116763 sending message 112 to peer 0x562d7a51b720 (13 bytes)
1644977514.116769 sending message 112 to peer 0x562d7a51b720 (7 bytes)
1644977514.116774 sending message 112 to peer 0x562d7a51b720 (13 bytes)
1644977514.116779 sending message 112 to peer 0x562d7a51b720 (7 bytes)
1644977514.116785 sending message 112 to peer 0x562d7a51b720 (13 bytes)
1644977514.116790 sending message 112 to peer 0x562d7a51b720 (9 bytes)
1644977514.116795 sending message 112 to peer 0x562d7a51b720 (21 bytes)
1644977514.116801 sending message 112 to peer 0x562d7a51b720 (13 bytes)
1644977514.116806 sending message 112 to peer 0x562d7a51b720 (9 bytes)
1644977514.116811 sending message 112 to peer 0x562d7a51b720 (16 bytes)
1644977514.116816 sending message 112 to peer 0x562d7a51b720 (13 bytes)
1644977514.116821 sending message 112 to peer 0x562d7a51b720 (9 bytes)
1644977514.116826 sending message 112 to peer 0x562d7a51b720 (9 bytes)
1644977514.116831 sending message 112 to peer 0x562d7a51b720 (12 bytes)
1644977514.116837 sending message 112 to peer 0x562d7a51b720 (8 bytes)
1644977514.116842 sending message 112 to peer 0x562d7a51b720 (8 bytes)
1644977514.116847 sending message 112 to peer 0x562d7a51b720 (13 bytes)
1644977514.116852 sending message 112 to peer 0x562d7a51b720 (7 bytes)
1644977514.116857 sending message 112 to peer 0x562d7a51b720 (7 bytes)
1644977514.116862 sending message 112 to peer 0x562d7a51b720 (9 bytes)
1644977514.116867 sending message 112 to peer 0x562d7a51b720 (6 bytes)
1644977514.116873 sending message 112 to peer 0x562d7a51b720 (9 bytes)
1644977514.116878 sending message 112 to peer 0x562d7a51b720 (15 bytes)
1644977514.116883 sending message 112 to peer 0x562d7a51b720 (13 bytes)
1644977514.116888 sending message 112 to peer 0x562d7a51b720 (12 bytes)
1644977514.116893 sending message 112 to peer 0x562d7a51b720 (8 bytes)
1644977514.116898 sending message 112 to peer 0x562d7a51b720 (14 bytes)
1644977514.116903 sending message 112 to peer 0x562d7a51b720 (11 bytes)
1644977514.116917 sending message 112 to peer 0x562d7a51b720 (9 bytes)
1644977514.116922 sending message 112 to peer 0x562d7a51b720 (10 bytes)
1644977514.116928 sending message 112 to peer 0x562d7a51b720 (10 bytes)
1644977514.116933 sending message 112 to peer 0x562d7a51b720 (10 bytes)
1644977514.116938 sending message 112 to peer 0x562d7a51b720 (10 bytes)
1644977514.116944 sending message 112 to peer 0x562d7a51b720 (11 bytes)
1644977514.116949 sending message 112 to peer 0x562d7a51b720 (12 bytes)
1644977514.116954 sending message 112 to peer 0x562d7a51b720 (12 bytes)
1644977514.116959 sending message 112 to peer 0x562d7a51b720 (12 bytes)
1644977514.116965 sending message 112 to peer 0x562d7a51b720 (12 bytes)
1644977514.116970 sending message 112 to peer 0x562d7a51b720 (12 bytes)
1644977514.116975 sending message 112 to peer 0x562d7a51b720 (11 bytes)
1644977514.116980 sending message 112 to peer 0x562d7a51b720 (11 bytes)
1644977514.116986 sending message 112 to peer 0x562d7a51b720 (12 bytes)
1644977514.116991 sending message 112 to peer 0x562d7a51b720 (12 bytes)
1644977514.116996 sending message 112 to peer 0x562d7a51b720 (12 bytes)
1644977514.117001 sending message 112 to peer 0x562d7a51b720 (12 bytes)
1644977514.117007 sending message 112 to peer 0x562d7a51b720 (12 bytes)
1644977514.117012 sending message 112 to peer 0x562d7a51b720 (9 bytes)
1644977514.117017 sending message 112 to peer 0x562d7a51b720 (12 bytes)
1644977514.117022 sending message 112 to peer 0x562d7a51b720 (13 bytes)
1644977514.117028 sending message 112 to peer 0x562d7a51b720 (13 bytes)
1644977514.117033 sending message 112 to peer 0x562d7a51b720 (13 bytes)
1644977514.117038 sending message 112 to peer 0x562d7a51b720 (13 bytes)
1644977514.117043 sending message 112 to peer 0x562d7a51b720 (13 bytes)
1644977514.117048 sending message 112 to peer 0x562d7a51b720 (8 bytes)
1644977514.117053 sending message 112 to peer 0x562d7a51b720 (11 bytes)
1644977514.117058 sending message 112 to peer 0x562d7a51b720 (11 bytes)
1644977514.117064 sending message 112 to peer 0x562d7a51b720 (11 bytes)
1644977514.117069 sending message 112 to peer 0x562d7a51b720 (12 bytes)
1644977514.117074 sending message 112 to peer 0x562d7a51b720 (12 bytes)
1644977514.117079 sending message 112 to peer 0x562d7a51b720 (12 bytes)
1644977514.117084 sending message 112 to peer 0x562d7a51b720 (12 bytes)
1644977514.117089 sending message 112 to peer 0x562d7a51b720 (13 bytes)
1644977514.117095 sending message 112 to peer 0x562d7a51b720 (13 bytes)
1644977514.117100 sending message 112 to peer 0x562d7a51b720 (13 bytes)
1644977514.117105 sending message 112 to peer 0x562d7a51b720 (8 bytes)
1644977514.117110 sending message 112 to peer 0x562d7a51b720 (13 bytes)
1644977514.117115 sending message 112 to peer 0x562d7a51b720 (13 bytes)
1644977514.117120 sending message 112 to peer 0x562d7a51b720 (13 bytes)
1644977514.117126 sending message 112 to peer 0x562d7a51b720 (13 bytes)
1644977514.117131 sending message 112 to peer 0x562d7a51b720 (13 bytes)
1644977514.117136 sending message 112 to peer 0x562d7a51b720 (12 bytes)
1644977514.117141 sending message 112 to peer 0x562d7a51b720 (12 bytes)
1644977514.117146 sending message 112 to peer 0x562d7a51b720 (12 bytes)
1644977514.117151 sending message 112 to peer 0x562d7a51b720 (12 bytes)
1644977514.117156 sending message 112 to peer 0x562d7a51b720 (13 bytes)
1644977514.117161 sending message 112 to peer 0x562d7a51b720 (8 bytes)
1644977514.117167 sending message 112 to peer 0x562d7a51b720 (13 bytes)
1644977514.117172 sending message 112 to peer 0x562d7a51b720 (13 bytes)
1644977514.117177 sending message 112 to peer 0x562d7a51b720 (13 bytes)
1644977514.117182 sending message 112 to peer 0x562d7a51b720 (13 bytes)
1644977514.117188 sending message 112 to peer 0x562d7a51b720 (13 bytes)
1644977514.117193 sending message 112 to peer 0x562d7a51b720 (13 bytes)
1644977514.117198 sending message 112 to peer 0x562d7a51b720 (13 bytes)
1644977514.117203 sending message 112 to peer 0x562d7a51b720 (12 bytes)
1644977514.117208 sending message 112 to peer 0x562d7a51b720 (12 bytes)
1644977514.117219 sending message 112 to peer 0x562d7a51b720 (12 bytes)
1644977514.117224 sending message 112 to peer 0x562d7a51b720 (8 bytes)
1644977514.117230 sending message 112 to peer 0x562d7a51b720 (12 bytes)
1644977514.117235 sending message 112 to peer 0x562d7a51b720 (13 bytes)
1644977514.117240 sending message 112 to peer 0x562d7a51b720 (13 bytes)
1644977514.117245 sending message 112 to peer 0x562d7a51b720 (13 bytes)
1644977514.117251 sending message 112 to peer 0x562d7a51b720 (13 bytes)
1644977514.117256 sending message 112 to peer 0x562d7a51b720 (13 bytes)
1644977514.117261 sending message 112 to peer 0x562d7a51b720 (13 bytes)
1644977514.117266 sending message 112 to peer 0x562d7a51b720 (13 bytes)
1644977514.117271 sending message 112 to peer 0x562d7a51b720 (13 bytes)
1644977514.117276 sending message 112 to peer 0x562d7a51b720 (12 bytes)
1644977514.117281 sending message 112 to peer 0x562d7a51b720 (10 bytes)
1644977514.117286 sending message 112 to peer 0x562d7a51b720 (12 bytes)
1644977514.117291 sending message 112 to peer 0x562d7a51b720 (12 bytes)
1644977514.117296 sending message 112 to peer 0x562d7a51b720 (12 bytes)
1644977514.117301 sending message 112 to peer 0x562d7a51b720 (13 bytes)
1644977514.117306 sending message 112 to peer 0x562d7a51b720 (13 bytes)
1644977514.117311 sending message 112 to peer 0x562d7a51b720 (13 bytes)
1644977514.117317 sending message 112 to peer 0x562d7a51b720 (13 bytes)
1644977514.117322 sending message 112 to peer 0x562d7a51b720 (13 bytes)
1644977514.117327 sending message 112 to peer 0x562d7a51b720 (13 bytes)
1644977514.117332 sending message 112 to peer 0x562d7a51b720 (13 bytes)
1644977514.117337 sending message 112 to peer 0x562d7a51b720 (10 bytes)
1644977514.117342 sending message 112 to peer 0x562d7a51b720 (13 bytes)
1644977514.117347 sending message 112 to peer 0x562d7a51b720 (12 bytes)
1644977514.117352 sending message 112 to peer 0x562d7a51b720 (12 bytes)
1644977514.117357 sending message 112 to peer 0x562d7a51b720 (12 bytes)
1644977514.117362 sending message 112 to peer 0x562d7a51b720 (10 bytes)
1644977514.117367 sending message 112 to peer 0x562d7a51b720 (10 bytes)
1644977514.117372 sending message 112 to peer 0x562d7a51b720 (10 bytes)
1644977514.117377 sending message 112 to peer 0x562d7a51b720 (12 bytes)
1644977514.117383 sending message 112 to peer 0x562d7a51b720 (13 bytes)
1644977514.117388 sending message 112 to peer 0x562d7a51b720 (13 bytes)
1644977514.117393 sending message 112 to peer 0x562d7a51b720 (13 bytes)
1644977514.117398 sending message 112 to peer 0x562d7a51b720 (13 bytes)
1644977514.117403 sending message 112 to peer 0x562d7a51b720 (13 bytes)
1644977514.117408 sending message 112 to peer 0x562d7a51b720 (10 bytes)
1644977514.117413 sending message 112 to peer 0x562d7a51b720 (11 bytes)
1644977514.117418 sending message 112 to peer 0x562d7a51b720 (12 bytes)
1644977514.117423 sending message 112 to peer 0x562d7a51b720 (12 bytes)
1644977514.117428 sending message 112 to peer 0x562d7a51b720 (12 bytes)
1644977514.117433 sending message 112 to peer 0x562d7a51b720 (12 bytes)
1644977514.117438 sending message 112 to peer 0x562d7a51b720 (12 bytes)
1644977514.117443 sending message 112 to peer 0x562d7a51b720 (11 bytes)
1644977514.117448 sending message 112 to peer 0x562d7a51b720 (12 bytes)
1644977514.117453 sending message 112 to peer 0x562d7a51b720 (12 bytes)
1644977514.117458 sending message 112 to peer 0x562d7a51b720 (13 bytes)
1644977514.117463 sending message 112 to peer 0x562d7a51b720 (13 bytes)
1644977514.117468 sending message 112 to peer 0x562d7a51b720 (13 bytes)
1644977514.117473 sending message 112 to peer 0x562d7a51b720 (13 bytes)
1644977514.117478 sending message 112 to peer 0x562d7a51b720 (13 bytes)
1644977514.117483 sending message 112 to peer 0x562d7a51b720 (10 bytes)
1644977514.117488 sending message 112 to peer 0x562d7a51b720 (9 bytes)
1644977514.117493 sending message 112 to peer 0x562d7a51b720 (12 bytes)
1644977514.117498 sending message 112 to peer 0x562d7a51b720 (13 bytes)
1644977514.117503 sending message 112 to peer 0x562d7a51b720 (13 bytes)
1644977514.117513 sending message 112 to peer 0x562d7a51b720 (13 bytes)
1644977514.117518 sending message 112 to peer 0x562d7a51b720 (13 bytes)
1644977514.117523 sending message 112 to peer 0x562d7a51b720 (13 bytes)
1644977514.117528 sending message 112 to peer 0x562d7a51b720 (9 bytes)
1644977514.117534 sending message 112 to peer 0x562d7a51b720 (12 bytes)
1644977514.117539 sending message 112 to peer 0x562d7a51b720 (13 bytes)
1644977514.117544 sending message 112 to peer 0x562d7a51b720 (13 bytes)
1644977514.117549 sending message 112 to peer 0x562d7a51b720 (13 bytes)
1644977514.117554 sending message 112 to peer 0x562d7a51b720 (13 bytes)
1644977514.117559 sending message 112 to peer 0x562d7a51b720 (13 bytes)
1644977514.117565 sending message 112 to peer 0x562d7a51b720 (11 bytes)
1644977514.117570 sending message 112 to peer 0x562d7a51b720 (12 bytes)
1644977514.117575 sending message 112 to peer 0x562d7a51b720 (13 bytes)
1644977514.117580 sending message 112 to peer 0x562d7a51b720 (13 bytes)
1644977514.117588 sending message 112 to peer 0x562d7a51b720 (13 bytes)
1644977514.117593 sending message 112 to peer 0x562d7a51b720 (13 bytes)
1644977514.117598 sending message 112 to peer 0x562d7a51b720 (13 bytes)
1644977514.117603 sending message 112 to peer 0x562d7a51b720 (11 bytes)
1644977514.117609 sending message 112 to peer 0x562d7a51b720 (12 bytes)
1644977514.117614 sending message 112 to peer 0x562d7a51b720 (12 bytes)
1644977514.117619 sending message 112 to peer 0x562d7a51b720 (12 bytes)
1644977514.117624 sending message 112 to peer 0x562d7a51b720 (12 bytes)
1644977514.117629 sending message 112 to peer 0x562d7a51b720 (12 bytes)
1644977514.117634 sending message 112 to peer 0x562d7a51b720 (21 bytes)
1644977514.117639 sending message 112 to peer 0x562d7a51b720 (12 bytes)
1644977514.117644 sending message 112 to peer 0x562d7a51b720 (9 bytes)
1644977514.117649 sending message 112 to peer 0x562d7a51b720 (6 bytes)
1644977514.117654 sending message 112 to peer 0x562d7a51b720 (13 bytes)
1644977514.117660 sending message 112 to peer 0x562d7a51b720 (10 bytes)
1644977514.117665 sending message 112 to peer 0x562d7a51b720 (24 bytes)
1644977514.117672 sending message 112 to peer 0x562d7a51b720 (13 bytes)
1644977514.117677 sending message 112 to peer 0x562d7a51b720 (9 bytes)
1644977514.117683 sending message 112 to peer 0x562d7a51b720 (70 bytes)
1644977514.117688 sending message 112 to peer 0x562d7a51b720 (69 bytes)
1644977514.117693 sending message 112 to peer 0x562d7a51b720 (12 bytes)
1644977514.117698 sending message 112 to peer 0x562d7a51b720 (10 bytes)
1644977514.117703 sending message 112 to peer 0x562d7a51b720 (10 bytes)
1644977514.117708 sending message 112 to peer 0x562d7a51b720 (24 bytes)
1644977514.117713 sending message 112 to peer 0x562d7a51b720 (13 bytes)
1644977514.117718 sending message 112 to peer 0x562d7a51b720 (10 bytes)
1644977514.117723 sending message 112 to peer 0x562d7a51b720 (10 bytes)
1644977514.117729 sending message 112 to peer 0x562d7a51b720 (17 bytes)
1644977514.117734 sending message 112 to peer 0x562d7a51b720 (10 bytes)
1644977514.117739 sending message 112 to peer 0x562d7a51b720 (13 bytes)
1644977514.117744 sending message 112 to peer 0x562d7a51b720 (9 bytes)
1644977514.117749 sending message 112 to peer 0x562d7a51b720 (15 bytes)
1644977514.117758 sending message 112 to peer 0x562d7a51b720 (5 bytes)
1644977514.117764 sending message 104 to peer 0x562d7a51b720 (0 bytes)
1644977514.117770 sending message 110 to peer 0x562d7a51b720 (0 bytes)
1644977514.117776 sending message 107 to peer 0x562d7a51b720 (4 bytes)
1644977514.117782 sending message 105 to peer 0x562d7a51b720 (38 bytes)
1644977514.117787 sending message 105 to peer 0x562d7a51b720 (55 bytes)
1644977514.117792 sending message 105 to peer 0x562d7a51b720 (18 bytes)
1644977514.117797 sending message 105 to peer 0x562d7a51b720 (20 bytes)
1644977514.117802 sending message 105 to peer 0x562d7a51b720 (54 bytes)
1644977514.117807 sending message 105 to peer 0x562d7a51b720 (19 bytes)
1644977514.117812 sending message 105 to peer 0x562d7a51b720 (11 bytes)
1644977514.117822 sending message 105 to peer 0x562d7a51b720 (11 bytes)
1644977514.117827 sending message 105 to peer 0x562d7a51b720 (14 bytes)
1644977514.117832 sending message 105 to peer 0x562d7a51b720 (47 bytes)
1644977514.117837 sending message 105 to peer 0x562d7a51b720 (32 bytes)
1644977514.117842 sending message 105 to peer 0x562d7a51b720 (16 bytes)
1644977514.117850 sending message 105 to peer 0x562d7a51b720 (40 bytes)
1644977514.117855 sending message 105 to peer 0x562d7a51b720 (17 bytes)
1644977514.117860 sending message 105 to peer 0x562d7a51b720 (23 bytes)
1644977514.117865 sending message 105 to peer 0x562d7a51b720 (30 bytes)
1644977514.117870 sending message 105 to peer 0x562d7a51b720 (27 bytes)
1644977514.117875 sending message 105 to peer 0x562d7a51b720 (24 bytes)
1644977514.117880 sending message 105 to peer 0x562d7a51b720 (20 bytes)
1644977514.117885 sending message 105 to peer 0x562d7a51b720 (23 bytes)
1644977514.117890 sending message 105 to peer 0x562d7a51b720 (21 bytes)
1644977514.117895 sending message 105 to peer 0x562d7a51b720 (25 bytes)
1644977514.117900 sending message 105 to peer 0x562d7a51b720 (20 bytes)
1644977514.117905 sending message 105 to peer 0x562d7a51b720 (13 bytes)
1644977514.117910 sending message 105 to peer 0x562d7a51b720 (26 bytes)
1644977514.117915 sending message 105 to peer 0x562d7a51b720 (15 bytes)
1644977514.117921 sending message 105 to peer 0x562d7a51b720 (226 bytes)
1644977514.117928 sending message 105 to peer 0x562d7a51b720 (28 bytes)
1644977514.117933 sending message 105 to peer 0x562d7a51b720 (27 bytes)
1644977514.117938 sending message 105 to peer 0x562d7a51b720 (19 bytes)
1644977514.117944 sending message 105 to peer 0x562d7a51b720 (8 bytes)
1644977514.117949 sending message 105 to peer 0x562d7a51b720 (15 bytes)
1644977514.117953 sending message 105 to peer 0x562d7a51b720 (10 bytes)
1644977514.117959 sending message 105 to peer 0x562d7a51b720 (18 bytes)
1644977514.117964 sending message 105 to peer 0x562d7a51b720 (34 bytes)
1644977514.117969 sending message 105 to peer 0x562d7a51b720 (23 bytes)
1644977514.117974 sending message 105 to peer 0x562d7a51b720 (48 bytes)
1644977514.117979 sending message 105 to peer 0x562d7a51b720 (31 bytes)
1644977514.117984 sending message 105 to peer 0x562d7a51b720 (15 bytes)
1644977514.117989 sending message 105 to peer 0x562d7a51b720 (52 bytes)
1644977514.117994 sending message 105 to peer 0x562d7a51b720 (23 bytes)
1644977514.117999 sending message 105 to peer 0x562d7a51b720 (23 bytes)
1644977514.118004 sending message 105 to peer 0x562d7a51b720 (17 bytes)
1644977514.118011 sending message 105 to peer 0x562d7a51b720 (58 bytes)
1644977514.118017 sending message 105 to peer 0x562d7a51b720 (21 bytes)
1644977514.118022 sending message 105 to peer 0x562d7a51b720 (11 bytes)
1644977514.118027 sending message 105 to peer 0x562d7a51b720 (16 bytes)
1644977514.118032 sending message 105 to peer 0x562d7a51b720 (38 bytes)
1644977514.118037 sending message 105 to peer 0x562d7a51b720 (35 bytes)
1644977514.118042 sending message 105 to peer 0x562d7a51b720 (33 bytes)
1644977514.118047 sending message 105 to peer 0x562d7a51b720 (38 bytes)
1644977514.118052 sending message 105 to peer 0x562d7a51b720 (39 bytes)
1644977514.118057 sending message 105 to peer 0x562d7a51b720 (15 bytes)
1644977514.118062 sending message 105 to peer 0x562d7a51b720 (39 bytes)
1644977514.118067 sending message 105 to peer 0x562d7a51b720 (43 bytes)
1644977514.118072 sending message 105 to peer 0x562d7a51b720 (34 bytes)
1644977514.118077 sending message 105 to peer 0x562d7a51b720 (40 bytes)
1644977514.118082 sending message 105 to peer 0x562d7a51b720 (31 bytes)
1644977514.118087 sending message 105 to peer 0x562d7a51b720 (30 bytes)
1644977514.118094 sending message 105 to peer 0x562d7a51b720 (41 bytes)
1644977514.118100 sending message 105 to peer 0x562d7a51b720 (33 bytes)
1644977514.118105 sending message 105 to peer 0x562d7a51b720 (11 bytes)
1644977514.118110 sending message 105 to peer 0x562d7a51b720 (19 bytes)
1644977514.118115 sending message 105 to peer 0x562d7a51b720 (10 bytes)
1644977514.118125 sending message 105 to peer 0x562d7a51b720 (11 bytes)
1644977514.118130 sending message 105 to peer 0x562d7a51b720 (16 bytes)
1644977514.118135 sending message 105 to peer 0x562d7a51b720 (11 bytes)
1644977514.118140 sending message 105 to peer 0x562d7a51b720 (100 bytes)
1644977514.118145 sending message 105 to peer 0x562d7a51b720 (25 bytes)
1644977514.118150 sending message 105 to peer 0x562d7a51b720 (25 bytes)
1644977514.118155 sending message 105 to peer 0x562d7a51b720 (21 bytes)
1644977514.118160 sending message 105 to peer 0x562d7a51b720 (21 bytes)
1644977514.118165 sending message 105 to peer 0x562d7a51b720 (28 bytes)
1644977514.118170 sending message 105 to peer 0x562d7a51b720 (21 bytes)
1644977514.118177 sending message 105 to peer 0x562d7a51b720 (25 bytes)
1644977514.118183 sending message 105 to peer 0x562d7a51b720 (8 bytes)
1644977514.118188 sending message 105 to peer 0x562d7a51b720 (33 bytes)
1644977514.118193 sending message 105 to peer 0x562d7a51b720 (24 bytes)
1644977514.118198 sending message 105 to peer 0x562d7a51b720 (11 bytes)
1644977514.118203 sending message 105 to peer 0x562d7a51b720 (10 bytes)
1644977514.118208 sending message 105 to peer 0x562d7a51b720 (12 bytes)
1644977514.118213 sending message 105 to peer 0x562d7a51b720 (20 bytes)
1644977514.118218 sending message 106 to peer 0x562d7a51b720 (0 bytes)
1644977514.118227 cmd_pack_argv: argv[0]=new
1644977514.118232 sending message 200 to peer 0x562d7a51b720 (8 bytes)
1644977514.118237 client loop enter
1644977514.118295 client_signal: Child exited
1644977514.343034 peer 0x562d7a51b720 message 207
1644977514.343050 sending message 208 to peer 0x562d7a51b720 (0 bytes)
1644977526.412238 peer 0x562d7a51b720 message 203
1644977526.412298 sending message 205 to peer 0x562d7a51b720 (0 bytes)
1644977526.412955 peer 0x562d7a51b720 message 204
1644977526.412966 client loop exit
